2019-12-12 22:21:59.957  INFO 15668 --- [main] com.tiennv.all.App                       : Starting App on Admin with PID 15668 (D:\Github\com.tiennv.all\target\classes started by Admin in D:\Github\com.tiennv.all)
2019-12-12 22:21:59.963  INFO 15668 --- [main] com.tiennv.all.App                       : The following profiles are active: swagger,repo-collections
2019-12-12 22:22:04.495  INFO 14796 --- [main] com.tiennv.all.App                       : Starting App on Admin with PID 14796 (D:\Github\com.tiennv.all\target\classes started by Admin in D:\Github\com.tiennv.all)
2019-12-12 22:22:04.498  INFO 14796 --- [main] com.tiennv.all.App                       : The following profiles are active: swagger,repo-collections
2019-12-12 22:22:05.457  INFO 14796 --- [main] .s.d.r.c.RepositoryConfigurationDelegate : Bootstrapping Spring Data repositories in DEFAULT mode.
2019-12-12 22:22:05.534  INFO 14796 --- [main] .s.d.r.c.RepositoryConfigurationDelegate : Finished Spring Data repository scanning in 64ms. Found 1 repository interfaces.
2019-12-12 22:22:05.908  INFO 14796 --- [main] trationDelegate$BeanPostProcessorChecker : Bean 'org.springframework.transaction.annotation.ProxyTransactionManagementConfiguration' of type [org.springframework.transaction.annotation.ProxyTransactionManagementConfiguration$$EnhancerBySpringCGLIB$$fb6cd824] is not eligible for getting processed by all BeanPostProcessors (for example: not eligible for auto-proxying)
2019-12-12 22:22:06.418  INFO 14796 --- [main] o.s.b.w.embedded.tomcat.TomcatWebServer  : Tomcat initialized with port(s): 9099 (http)
2019-12-12 22:22:06.445  INFO 14796 --- [main] o.apache.catalina.core.StandardService   : Starting service [Tomcat]
2019-12-12 22:22:06.445  INFO 14796 --- [main] org.apache.catalina.core.StandardEngine  : Starting Servlet engine: [Apache Tomcat/9.0.19]
2019-12-12 22:22:06.570  INFO 14796 --- [main] o.a.c.c.C.[Tomcat].[localhost].[/]       : Initializing Spring embedded WebApplicationContext
2019-12-12 22:22:06.571  INFO 14796 --- [main] o.s.web.context.ContextLoader            : Root WebApplicationContext: initialization completed in 2029 ms
2019-12-12 22:22:06.832  INFO 14796 --- [main] com.zaxxer.hikari.HikariDataSource       : HikariPool-1 - Starting...
2019-12-12 22:22:06.834  WARN 14796 --- [main] com.zaxxer.hikari.util.DriverDataSource  : Registered driver with driverClassName=com.mysql.jdbc.Driver was not found, trying direct instantiation.
2019-12-12 22:22:06.984  INFO 14796 --- [main] com.zaxxer.hikari.HikariDataSource       : HikariPool-1 - Start completed.
2019-12-12 22:22:07.029  INFO 14796 --- [main] o.hibernate.jpa.internal.util.LogHelper  : HHH000204: Processing PersistenceUnitInfo [
	name: default
	...]
2019-12-12 22:22:07.093  INFO 14796 --- [main] org.hibernate.Version                    : HHH000412: Hibernate Core {5.3.10.Final}
2019-12-12 22:22:07.095  INFO 14796 --- [main] org.hibernate.cfg.Environment            : HHH000206: hibernate.properties not found
2019-12-12 22:22:07.214  INFO 14796 --- [main] o.hibernate.annotations.common.Version   : HCANN000001: Hibernate Commons Annotations {5.0.4.Final}
2019-12-12 22:22:07.329  INFO 14796 --- [main] org.hibernate.dialect.Dialect            : HHH000400: Using dialect: org.hibernate.dialect.MySQL5Dialect
2019-12-12 22:22:07.909  INFO 14796 --- [main] j.LocalContainerEntityManagerFactoryBean : Initialized JPA EntityManagerFactory for persistence unit 'default'
2019-12-12 22:22:08.396  WARN 14796 --- [main] aWebConfiguration$JpaWebMvcConfiguration : spring.jpa.open-in-view is enabled by default. Therefore, database queries may be performed during view rendering. Explicitly configure spring.jpa.open-in-view to disable this warning
2019-12-12 22:22:08.564  INFO 14796 --- [main] pertySourcedRequestMappingHandlerMapping : Mapped URL path [/v2/api-docs] onto method [public org.springframework.http.ResponseEntity<springfox.documentation.spring.web.json.Json> springfox.documentation.swagger2.web.Swagger2Controller.getDocumentation(java.lang.String,javax.servlet.http.HttpServletRequest)]
2019-12-12 22:22:08.579  INFO 14796 --- [main] o.s.s.concurrent.ThreadPoolTaskExecutor  : Initializing ExecutorService 'threadPoolTaskExecutor'
2019-12-12 22:22:08.972  INFO 14796 --- [main] d.s.w.p.DocumentationPluginsBootstrapper : Context refreshed
2019-12-12 22:22:09.006  INFO 14796 --- [main] d.s.w.p.DocumentationPluginsBootstrapper : Found 1 custom documentation plugin(s)
2019-12-12 22:22:09.045  INFO 14796 --- [main] s.d.s.w.s.ApiListingReferenceScanner     : Scanning for api listing references
2019-12-12 22:22:09.377  INFO 14796 --- [main] o.s.b.w.embedded.tomcat.TomcatWebServer  : Tomcat started on port(s): 9099 (http) with context path ''
2019-12-12 22:22:09.379  INFO 14796 --- [main] com.tiennv.all.App                       : Started App in 5.257 seconds (JVM running for 5.593)
2019-12-12 22:23:24.098  INFO 15636 --- [main] com.tiennv.all.App                       : Starting App on Admin with PID 15636 (D:\Github\com.tiennv.all\target\classes started by Admin in D:\Github\com.tiennv.all)
2019-12-12 22:23:24.102  INFO 15636 --- [main] com.tiennv.all.App                       : The following profiles are active: swagger,repo-collections
2019-12-12 22:23:25.060  INFO 15636 --- [main] .s.d.r.c.RepositoryConfigurationDelegate : Bootstrapping Spring Data repositories in DEFAULT mode.
2019-12-12 22:23:25.128  INFO 15636 --- [main] .s.d.r.c.RepositoryConfigurationDelegate : Finished Spring Data repository scanning in 57ms. Found 1 repository interfaces.
2019-12-12 22:23:25.490  INFO 15636 --- [main] trationDelegate$BeanPostProcessorChecker : Bean 'org.springframework.transaction.annotation.ProxyTransactionManagementConfiguration' of type [org.springframework.transaction.annotation.ProxyTransactionManagementConfiguration$$EnhancerBySpringCGLIB$$d5b84128] is not eligible for getting processed by all BeanPostProcessors (for example: not eligible for auto-proxying)
2019-12-12 22:23:25.994  INFO 15636 --- [main] o.s.b.w.embedded.tomcat.TomcatWebServer  : Tomcat initialized with port(s): 9099 (http)
2019-12-12 22:23:26.025  INFO 15636 --- [main] o.apache.catalina.core.StandardService   : Starting service [Tomcat]
2019-12-12 22:23:26.025  INFO 15636 --- [main] org.apache.catalina.core.StandardEngine  : Starting Servlet engine: [Apache Tomcat/9.0.19]
2019-12-12 22:23:26.152  INFO 15636 --- [main] o.a.c.c.C.[Tomcat].[localhost].[/]       : Initializing Spring embedded WebApplicationContext
2019-12-12 22:23:26.152  INFO 15636 --- [main] o.s.web.context.ContextLoader            : Root WebApplicationContext: initialization completed in 2008 ms
2019-12-12 22:23:26.432  INFO 15636 --- [main] com.zaxxer.hikari.HikariDataSource       : HikariPool-1 - Starting...
2019-12-12 22:23:26.435  WARN 15636 --- [main] com.zaxxer.hikari.util.DriverDataSource  : Registered driver with driverClassName=com.mysql.jdbc.Driver was not found, trying direct instantiation.
2019-12-12 22:23:26.577  INFO 15636 --- [main] com.zaxxer.hikari.HikariDataSource       : HikariPool-1 - Start completed.
2019-12-12 22:23:26.620  INFO 15636 --- [main] o.hibernate.jpa.internal.util.LogHelper  : HHH000204: Processing PersistenceUnitInfo [
	name: default
	...]
2019-12-12 22:23:26.672  INFO 15636 --- [main] org.hibernate.Version                    : HHH000412: Hibernate Core {5.3.10.Final}
2019-12-12 22:23:26.673  INFO 15636 --- [main] org.hibernate.cfg.Environment            : HHH000206: hibernate.properties not found
2019-12-12 22:23:26.796  INFO 15636 --- [main] o.hibernate.annotations.common.Version   : HCANN000001: Hibernate Commons Annotations {5.0.4.Final}
2019-12-12 22:23:26.916  INFO 15636 --- [main] org.hibernate.dialect.Dialect            : HHH000400: Using dialect: org.hibernate.dialect.MySQL5Dialect
2019-12-12 22:23:27.532  INFO 15636 --- [main] j.LocalContainerEntityManagerFactoryBean : Initialized JPA EntityManagerFactory for persistence unit 'default'
2019-12-12 22:23:28.176  WARN 15636 --- [main] aWebConfiguration$JpaWebMvcConfiguration : spring.jpa.open-in-view is enabled by default. Therefore, database queries may be performed during view rendering. Explicitly configure spring.jpa.open-in-view to disable this warning
2019-12-12 22:23:28.345  INFO 15636 --- [main] pertySourcedRequestMappingHandlerMapping : Mapped URL path [/v2/api-docs] onto method [public org.springframework.http.ResponseEntity<springfox.documentation.spring.web.json.Json> springfox.documentation.swagger2.web.Swagger2Controller.getDocumentation(java.lang.String,javax.servlet.http.HttpServletRequest)]
2019-12-12 22:23:28.370  INFO 15636 --- [main] o.s.s.concurrent.ThreadPoolTaskExecutor  : Initializing ExecutorService 'threadPoolTaskExecutor'
2019-12-12 22:23:28.810  INFO 15636 --- [main] d.s.w.p.DocumentationPluginsBootstrapper : Context refreshed
2019-12-12 22:23:28.846  INFO 15636 --- [main] d.s.w.p.DocumentationPluginsBootstrapper : Found 1 custom documentation plugin(s)
2019-12-12 22:23:28.885  INFO 15636 --- [main] s.d.s.w.s.ApiListingReferenceScanner     : Scanning for api listing references
2019-12-12 22:23:29.268 ERROR 15636 --- [main] org.apache.catalina.util.LifecycleBase   : Failed to start component [Connector[HTTP/1.1-9099]]

org.apache.catalina.LifecycleException: Protocol handler start failed
	at org.apache.catalina.connector.Connector.startInternal(Connector.java:1008) ~[tomcat-embed-core-9.0.19.jar:9.0.19]
	at org.apache.catalina.util.LifecycleBase.start(LifecycleBase.java:183) ~[tomcat-embed-core-9.0.19.jar:9.0.19]
	at org.apache.catalina.core.StandardService.addConnector(StandardService.java:226) [tomcat-embed-core-9.0.19.jar:9.0.19]
	at org.springframework.boot.web.embedded.tomcat.TomcatWebServer.addPreviouslyRemovedConnectors(TomcatWebServer.java:259) [spring-boot-2.1.5.RELEASE.jar:2.1.5.RELEASE]
	at org.springframework.boot.web.embedded.tomcat.TomcatWebServer.start(TomcatWebServer.java:197) [spring-boot-2.1.5.RELEASE.jar:2.1.5.RELEASE]
	at org.springframework.boot.web.servlet.context.ServletWebServerApplicationContext.startWebServer(ServletWebServerApplicationContext.java:311) [spring-boot-2.1.5.RELEASE.jar:2.1.5.RELEASE]
	at org.springframework.boot.web.servlet.context.ServletWebServerApplicationContext.finishRefresh(ServletWebServerApplicationContext.java:164) [spring-boot-2.1.5.RELEASE.jar:2.1.5.RELEASE]
	at org.springframework.context.support.AbstractApplicationContext.refresh(AbstractApplicationContext.java:552) [spring-context-5.1.7.RELEASE.jar:5.1.7.RELEASE]
	at org.springframework.boot.web.servlet.context.ServletWebServerApplicationContext.refresh(ServletWebServerApplicationContext.java:142) [spring-boot-2.1.5.RELEASE.jar:2.1.5.RELEASE]
	at org.springframework.boot.SpringApplication.refresh(SpringApplication.java:775) [spring-boot-2.1.5.RELEASE.jar:2.1.5.RELEASE]
	at org.springframework.boot.SpringApplication.refreshContext(SpringApplication.java:397) [spring-boot-2.1.5.RELEASE.jar:2.1.5.RELEASE]
	at org.springframework.boot.SpringApplication.run(SpringApplication.java:316) [spring-boot-2.1.5.RELEASE.jar:2.1.5.RELEASE]
	at org.springframework.boot.SpringApplication.run(SpringApplication.java:1260) [spring-boot-2.1.5.RELEASE.jar:2.1.5.RELEASE]
	at org.springframework.boot.SpringApplication.run(SpringApplication.java:1248) [spring-boot-2.1.5.RELEASE.jar:2.1.5.RELEASE]
	at com.tiennv.all.App.main(App.java:11) [classes/:na]
Caused by: java.net.BindException: Address already in use: bind
	at sun.nio.ch.Net.bind0(Native Method) ~[na:1.8.0_201]
	at sun.nio.ch.Net.bind(Unknown Source) ~[na:1.8.0_201]
	at sun.nio.ch.Net.bind(Unknown Source) ~[na:1.8.0_201]
	at sun.nio.ch.ServerSocketChannelImpl.bind(Unknown Source) ~[na:1.8.0_201]
	at sun.nio.ch.ServerSocketAdaptor.bind(Unknown Source) ~[na:1.8.0_201]
	at org.apache.tomcat.util.net.NioEndpoint.initServerSocket(NioEndpoint.java:239) ~[tomcat-embed-core-9.0.19.jar:9.0.19]
	at org.apache.tomcat.util.net.NioEndpoint.bind(NioEndpoint.java:213) ~[tomcat-embed-core-9.0.19.jar:9.0.19]
	at org.apache.tomcat.util.net.AbstractEndpoint.bindWithCleanup(AbstractEndpoint.java:1116) ~[tomcat-embed-core-9.0.19.jar:9.0.19]
	at org.apache.tomcat.util.net.AbstractEndpoint.start(AbstractEndpoint.java:1202) ~[tomcat-embed-core-9.0.19.jar:9.0.19]
	at org.apache.coyote.AbstractProtocol.start(AbstractProtocol.java:568) ~[tomcat-embed-core-9.0.19.jar:9.0.19]
	at org.apache.catalina.connector.Connector.startInternal(Connector.java:1005) ~[tomcat-embed-core-9.0.19.jar:9.0.19]
	... 14 common frames omitted

2019-12-12 22:23:29.274  INFO 15636 --- [main] o.apache.catalina.core.StandardService   : Stopping service [Tomcat]
2019-12-12 22:23:29.284  INFO 15636 --- [main] ConditionEvaluationReportLoggingListener : 

Error starting ApplicationContext. To display the conditions report re-run your application with 'debug' enabled.
2019-12-12 22:23:29.286 ERROR 15636 --- [main] o.s.b.d.LoggingFailureAnalysisReporter   : 

***************************
APPLICATION FAILED TO START
***************************

Description:

The Tomcat connector configured to listen on port 9099 failed to start. The port may already be in use or the connector may be misconfigured.

Action:

Verify the connector's configuration, identify and stop any process that's listening on port 9099, or configure this application to listen on another port.

2019-12-12 22:23:29.290  INFO 15636 --- [main] o.s.s.concurrent.ThreadPoolTaskExecutor  : Shutting down ExecutorService 'threadPoolTaskExecutor'
2019-12-12 22:23:29.293  INFO 15636 --- [main] j.LocalContainerEntityManagerFactoryBean : Closing JPA EntityManagerFactory for persistence unit 'default'
2019-12-12 22:23:29.295  INFO 15636 --- [main] com.zaxxer.hikari.HikariDataSource       : HikariPool-1 - Shutdown initiated...
2019-12-12 22:23:29.307  INFO 15636 --- [main] com.zaxxer.hikari.HikariDataSource       : HikariPool-1 - Shutdown completed.
2019-12-12 22:23:41.875  INFO 15608 --- [main] com.tiennv.all.App                       : Starting App on Admin with PID 15608 (D:\Github\com.tiennv.all\target\classes started by Admin in D:\Github\com.tiennv.all)
2019-12-12 22:23:41.877  INFO 15608 --- [main] com.tiennv.all.App                       : The following profiles are active: swagger,repo-collections
2019-12-12 22:23:42.954  INFO 15608 --- [main] .s.d.r.c.RepositoryConfigurationDelegate : Bootstrapping Spring Data repositories in DEFAULT mode.
2019-12-12 22:23:43.041  INFO 15608 --- [main] .s.d.r.c.RepositoryConfigurationDelegate : Finished Spring Data repository scanning in 77ms. Found 1 repository interfaces.
2019-12-12 22:23:43.458  INFO 15608 --- [main] trationDelegate$BeanPostProcessorChecker : Bean 'org.springframework.transaction.annotation.ProxyTransactionManagementConfiguration' of type [org.springframework.transaction.annotation.ProxyTransactionManagementConfiguration$$EnhancerBySpringCGLIB$$3066d223] is not eligible for getting processed by all BeanPostProcessors (for example: not eligible for auto-proxying)
2019-12-12 22:23:44.015  INFO 15608 --- [main] o.s.b.w.embedded.tomcat.TomcatWebServer  : Tomcat initialized with port(s): 9099 (http)
2019-12-12 22:23:44.056  INFO 15608 --- [main] o.apache.catalina.core.StandardService   : Starting service [Tomcat]
2019-12-12 22:23:44.056  INFO 15608 --- [main] org.apache.catalina.core.StandardEngine  : Starting Servlet engine: [Apache Tomcat/9.0.19]
2019-12-12 22:23:44.192  INFO 15608 --- [main] o.a.c.c.C.[Tomcat].[localhost].[/]       : Initializing Spring embedded WebApplicationContext
2019-12-12 22:23:44.192  INFO 15608 --- [main] o.s.web.context.ContextLoader            : Root WebApplicationContext: initialization completed in 2260 ms
2019-12-12 22:23:44.615  INFO 15608 --- [main] com.zaxxer.hikari.HikariDataSource       : HikariPool-1 - Starting...
2019-12-12 22:23:44.618  WARN 15608 --- [main] com.zaxxer.hikari.util.DriverDataSource  : Registered driver with driverClassName=com.mysql.jdbc.Driver was not found, trying direct instantiation.
2019-12-12 22:23:44.771  INFO 15608 --- [main] com.zaxxer.hikari.HikariDataSource       : HikariPool-1 - Start completed.
2019-12-12 22:23:44.823  INFO 15608 --- [main] o.hibernate.jpa.internal.util.LogHelper  : HHH000204: Processing PersistenceUnitInfo [
	name: default
	...]
2019-12-12 22:23:44.910  INFO 15608 --- [main] org.hibernate.Version                    : HHH000412: Hibernate Core {5.3.10.Final}
2019-12-12 22:23:44.911  INFO 15608 --- [main] org.hibernate.cfg.Environment            : HHH000206: hibernate.properties not found
2019-12-12 22:23:45.082  INFO 15608 --- [main] o.hibernate.annotations.common.Version   : HCANN000001: Hibernate Commons Annotations {5.0.4.Final}
2019-12-12 22:23:45.213  INFO 15608 --- [main] org.hibernate.dialect.Dialect            : HHH000400: Using dialect: org.hibernate.dialect.MySQL5Dialect
2019-12-12 22:23:45.883  INFO 15608 --- [main] j.LocalContainerEntityManagerFactoryBean : Initialized JPA EntityManagerFactory for persistence unit 'default'
2019-12-12 22:23:46.589  WARN 15608 --- [main] aWebConfiguration$JpaWebMvcConfiguration : spring.jpa.open-in-view is enabled by default. Therefore, database queries may be performed during view rendering. Explicitly configure spring.jpa.open-in-view to disable this warning
2019-12-12 22:23:46.764  INFO 15608 --- [main] pertySourcedRequestMappingHandlerMapping : Mapped URL path [/v2/api-docs] onto method [public org.springframework.http.ResponseEntity<springfox.documentation.spring.web.json.Json> springfox.documentation.swagger2.web.Swagger2Controller.getDocumentation(java.lang.String,javax.servlet.http.HttpServletRequest)]
2019-12-12 22:23:46.784  INFO 15608 --- [main] o.s.s.concurrent.ThreadPoolTaskExecutor  : Initializing ExecutorService 'threadPoolTaskExecutor'
2019-12-12 22:23:47.234  INFO 15608 --- [main] d.s.w.p.DocumentationPluginsBootstrapper : Context refreshed
2019-12-12 22:23:47.263  INFO 15608 --- [main] d.s.w.p.DocumentationPluginsBootstrapper : Found 1 custom documentation plugin(s)
2019-12-12 22:23:47.297  INFO 15608 --- [main] s.d.s.w.s.ApiListingReferenceScanner     : Scanning for api listing references
2019-12-12 22:23:47.638  INFO 15608 --- [main] o.s.b.w.embedded.tomcat.TomcatWebServer  : Tomcat started on port(s): 9099 (http) with context path ''
2019-12-12 22:23:47.640  INFO 15608 --- [main] com.tiennv.all.App                       : Started App in 6.177 seconds (JVM running for 6.539)
2019-12-12 22:28:29.056  INFO 1964 --- [main] com.tiennv.all.App                       : Starting App on Admin with PID 1964 (D:\Github\com.tiennv.all\target\classes started by Admin in D:\Github\com.tiennv.all)
2019-12-12 22:28:29.058  INFO 1964 --- [main] com.tiennv.all.App                       : The following profiles are active: swagger,repo-collections
2019-12-12 22:28:30.053  INFO 1964 --- [main] .s.d.r.c.RepositoryConfigurationDelegate : Bootstrapping Spring Data repositories in DEFAULT mode.
2019-12-12 22:28:30.121  INFO 1964 --- [main] .s.d.r.c.RepositoryConfigurationDelegate : Finished Spring Data repository scanning in 57ms. Found 1 repository interfaces.
2019-12-12 22:28:30.519  INFO 1964 --- [main] trationDelegate$BeanPostProcessorChecker : Bean 'org.springframework.transaction.annotation.ProxyTransactionManagementConfiguration' of type [org.springframework.transaction.annotation.ProxyTransactionManagementConfiguration$$EnhancerBySpringCGLIB$$d506341e] is not eligible for getting processed by all BeanPostProcessors (for example: not eligible for auto-proxying)
2019-12-12 22:28:31.063  INFO 1964 --- [main] o.s.b.w.embedded.tomcat.TomcatWebServer  : Tomcat initialized with port(s): 9099 (http)
2019-12-12 22:28:31.096  INFO 1964 --- [main] o.apache.catalina.core.StandardService   : Starting service [Tomcat]
2019-12-12 22:28:31.097  INFO 1964 --- [main] org.apache.catalina.core.StandardEngine  : Starting Servlet engine: [Apache Tomcat/9.0.19]
2019-12-12 22:28:31.237  INFO 1964 --- [main] o.a.c.c.C.[Tomcat].[localhost].[/]       : Initializing Spring embedded WebApplicationContext
2019-12-12 22:28:31.237  INFO 1964 --- [main] o.s.web.context.ContextLoader            : Root WebApplicationContext: initialization completed in 2135 ms
2019-12-12 22:28:31.511  INFO 1964 --- [main] com.zaxxer.hikari.HikariDataSource       : HikariPool-1 - Starting...
2019-12-12 22:28:31.515  WARN 1964 --- [main] com.zaxxer.hikari.util.DriverDataSource  : Registered driver with driverClassName=com.mysql.jdbc.Driver was not found, trying direct instantiation.
2019-12-12 22:28:31.654  INFO 1964 --- [main] com.zaxxer.hikari.HikariDataSource       : HikariPool-1 - Start completed.
2019-12-12 22:28:31.706  INFO 1964 --- [main] o.hibernate.jpa.internal.util.LogHelper  : HHH000204: Processing PersistenceUnitInfo [
	name: default
	...]
2019-12-12 22:28:31.765  INFO 1964 --- [main] org.hibernate.Version                    : HHH000412: Hibernate Core {5.3.10.Final}
2019-12-12 22:28:31.767  INFO 1964 --- [main] org.hibernate.cfg.Environment            : HHH000206: hibernate.properties not found
2019-12-12 22:28:31.895  INFO 1964 --- [main] o.hibernate.annotations.common.Version   : HCANN000001: Hibernate Commons Annotations {5.0.4.Final}
2019-12-12 22:28:32.013  INFO 1964 --- [main] org.hibernate.dialect.Dialect            : HHH000400: Using dialect: org.hibernate.dialect.MySQL5Dialect
2019-12-12 22:28:32.641  INFO 1964 --- [main] j.LocalContainerEntityManagerFactoryBean : Initialized JPA EntityManagerFactory for persistence unit 'default'
2019-12-12 22:28:33.232  WARN 1964 --- [main] aWebConfiguration$JpaWebMvcConfiguration : spring.jpa.open-in-view is enabled by default. Therefore, database queries may be performed during view rendering. Explicitly configure spring.jpa.open-in-view to disable this warning
2019-12-12 22:28:33.413  INFO 1964 --- [main] pertySourcedRequestMappingHandlerMapping : Mapped URL path [/v2/api-docs] onto method [public org.springframework.http.ResponseEntity<springfox.documentation.spring.web.json.Json> springfox.documentation.swagger2.web.Swagger2Controller.getDocumentation(java.lang.String,javax.servlet.http.HttpServletRequest)]
2019-12-12 22:28:33.429  INFO 1964 --- [main] o.s.s.concurrent.ThreadPoolTaskExecutor  : Initializing ExecutorService 'threadPoolTaskExecutor'
2019-12-12 22:28:33.854  INFO 1964 --- [main] d.s.w.p.DocumentationPluginsBootstrapper : Context refreshed
2019-12-12 22:28:33.890  INFO 1964 --- [main] d.s.w.p.DocumentationPluginsBootstrapper : Found 1 custom documentation plugin(s)
2019-12-12 22:28:33.936  INFO 1964 --- [main] s.d.s.w.s.ApiListingReferenceScanner     : Scanning for api listing references
2019-12-12 22:28:34.295  INFO 1964 --- [main] o.s.b.w.embedded.tomcat.TomcatWebServer  : Tomcat started on port(s): 9099 (http) with context path ''
2019-12-12 22:28:34.298  INFO 1964 --- [main] com.tiennv.all.App                       : Started App in 5.652 seconds (JVM running for 6.007)
